<?xml version="1.0" encoding="UTF-8"?>
<!-- Generated by org.testng.reporters.JUnitXMLReporter -->
<testsuite hostname="ATW-7005" ignored="0" name="Default test" tests="5" failures="0" timestamp="26 Feb 2019 09:18:54 GMT" time="129.038" errors="0">
  <testcase name="branchname" time="0.553" classname="com.altius.automation.Employeeaddition"/>
  <testcase name="OnlyCorrectUNPW" time="19.629" classname="com.altius.automation.Employeeaddition"/>
  <testcase name="employeeaddition" time="14.198" classname="com.altius.automation.Employeeaddition"/>
  <testcase name="fieldvalidation" time="38.372" classname="com.altius.automation.Employeeaddition"/>
  <testcase name="emplyeededit" time="47.606" classname="com.altius.automation.Employeeaddition"/>
</testsuite> <!-- Default test -->
