<?xml version="1.0" encoding="UTF-8"?>
<!-- Generated by org.testng.reporters.JUnitXMLReporter -->
<testsuite hostname="ATW-7005" ignored="0" name="Browserlaunching" tests="8" failures="0" timestamp="09 Jan 2019 11:26:58 GMT" time="18.216" errors="0">
  <testcase name="WithoutUNPW" time="0.512" classname="com.altius.automation.Loginpage"/>
  <testcase name="wrongUN" time="1.382" classname="com.altius.automation.Loginpage"/>
  <testcase name="wrongPW" time="0.74" classname="com.altius.automation.Loginpage"/>
  <testcase name="wrongUNPW" time="1.084" classname="com.altius.automation.Loginpage"/>
  <testcase name="OnlyCorrectUN" time="0.913" classname="com.altius.automation.Loginpage"/>
  <testcase name="OnlycorrectPW" time="1.089" classname="com.altius.automation.Loginpage"/>
  <testcase name="rememberme" time="0.543" classname="com.altius.automation.Loginpage"/>
  <testcase name="OnlyCorrectUNPW" time="1.725" classname="com.altius.automation.Loginpage"/>
</testsuite> <!-- Browserlaunching -->
